2019-05-17
On branch master
Your branch is up to date with 'origin/master'.

Changes not staged for commit:
  (use "git add <file>..." to update what will be committed)
  (use "git checkout -- <file>..." to discard changes in working directory)

	modified:   auto_commit.log

Untracked files:
  (use "git add <file>..." to include in what will be committed)

	script/env/
	script/filter_ximengyao_weibo.py
	script/jieba_ximengyao_weibo.py
	script/scrap_ximengyao_weibo.py
	script/x
	script/ximengyao.txt

no changes added to commit (use "git add" and/or "git commit -a")
fatal: Unable to create '/Users/lanyang/pro/Note/.git/index.lock': File exists.

Another git process seems to be running in this repository, e.g.
an editor opened by 'git commit'. Please make sure all processes
are terminated then try again. If it still fails, a git process
may have crashed in this repository earlier:
remove the file manually to continue.
fatal: Unable to create '/Users/lanyang/pro/Note/.git/index.lock': File exists.

Another git process seems to be running in this repository, e.g.
an editor opened by 'git commit'. Please make sure all processes
are terminated then try again. If it still fails, a git process
may have crashed in this repository earlier:
remove the file manually to continue.
fatal: Unable to create '/Users/lanyang/pro/Note/.git/index.lock': File exists.

Another git process seems to be running in this repository, e.g.
an editor opened by 'git commit'. Please make sure all processes
are terminated then try again. If it still fails, a git process
may have crashed in this repository earlier:
remove the file manually to continue.
Everything up-to-date
